\\?\C:\USERS\WINCHE~1\APPDATA\LOCAL\TEMP\TMP0TQDVZ\GEOMETRY.BC.LINK.LL.O.JS.BD.JS
\\?\C:\USERS\WINCHE~1\APPDATA\LOCAL\TEMP\TMP7VA1TB\GEOMETRY.BC.LINK.LL.O.JS.BD.JS
\\?\C:\USERS\WINCHE~1\APPDATA\LOCAL\TEMP\TMPDS3WAI\GEOMETRY.BC.LINK.LL.O.JS.BD.JS
\\?\C:\USERS\WINCHE~1\APPDATA\LOCAL\TEMP\TMPDXD_HT\GEOMETRY.BC.LINK.LL.O.JS.BD.JS
\\?\C:\USERS\WINCHE~1\APPDATA\LOCAL\TEMP\TMPEJCE7P\GEOMETRY.BC.LINK.LL.O.JS.BD.JS
\\?\C:\USERS\WINCHE~1\APPDATA\LOCAL\TEMP\TMPFOSXSB\GEOMETRY.BC.LINK.LL.O.JS.BD.JS
\\?\C:\USERS\WINCHE~1\APPDATA\LOCAL\TEMP\TMPHQBJ6O\GEOMETRY.BC.LINK.LL.O.JS.BD.JS
\\?\C:\USERS\WINCHE~1\APPDATA\LOCAL\TEMP\TMPKQH046\GEOMETRY.BC.LINK.LL.O.JS.BD.JS
\\?\C:\USERS\WINCHE~1\APPDATA\LOCAL\TEMP\TMPMAEOLH\GEOMETRY.BC.LINK.LL.O.JS.BD.JS
\\?\C:\USERS\WINCHE~1\APPDATA\LOCAL\TEMP\TMPORIH5O\GEOMETRY.BC.LINK.LL.O.JS.BD.JS
\\?\C:\USERS\WINCHE~1\APPDATA\LOCAL\TEMP\TMPPLEOZP\GEOMETRY.BC.LINK.LL.O.JS.BD.JS
\\?\C:\USERS\WINCHE~1\APPDATA\LOCAL\TEMP\TMPRKKOHP\GEOMETRY.BC.LINK.LL.O.JS.BD.JS
\\?\C:\USERS\WINCHE~1\APPDATA\LOCAL\TEMP\TMPRYCWYK\GEOMETRY.BC.LINK.LL.O.JS.BD.JS
\\?\C:\USERS\WINCHE~1\APPDATA\LOCAL\TEMP\TMPTCELDK\GEOMETRY.BC.LINK.LL.O.JS.BD.JS
\\?\C:\USERS\WINCHE~1\APPDATA\LOCAL\TEMP\TMPX1E6EI\GEOMETRY.BC.LINK.LL.O.JS.BD.JS
\\?\C:\USERS\WINCHE~1\APPDATA\LOCAL\TEMP\TMPZBIVKT\GEOMETRY.BC.LINK.LL.O.JS.BD.JS
\\?\D:\WEB\POLYMER\DEV\GL-ELEMENTS\LIB\EMSCRIPTEN\DEBUG\GEOMETRY.HTML.MAP
\\?\D:\WEB\POLYMER\DEV\GL-ELEMENTS\LIB\EMSCRIPTEN\DEBUG\GEOMETRY.JS.MAP
C:\USERS\WINCHE~1\APPDATA\LOCAL\TEMP\EMSCRIPTEN__ZAPHP.RSP
C:\USERS\WINCHE~1\APPDATA\LOCAL\TEMP\EMSCRIPTEN_C5LNGN.RSP
C:\USERS\WINCHE~1\APPDATA\LOCAL\TEMP\EMSCRIPTEN_CJV73P.RSP
C:\USERS\WINCHE~1\APPDATA\LOCAL\TEMP\EMSCRIPTEN_CRY9MB.RSP
C:\USERS\WINCHE~1\APPDATA\LOCAL\TEMP\EMSCRIPTEN_D1_VLK.RSP
C:\USERS\WINCHE~1\APPDATA\LOCAL\TEMP\EMSCRIPTEN_E3Q9SM.RSP
C:\USERS\WINCHE~1\APPDATA\LOCAL\TEMP\EMSCRIPTEN_FNUDIT.RSP
C:\USERS\WINCHE~1\APPDATA\LOCAL\TEMP\EMSCRIPTEN_GESE4G.RSP
C:\USERS\WINCHE~1\APPDATA\LOCAL\TEMP\EMSCRIPTEN_I2DGFO.RSP
C:\USERS\WINCHE~1\APPDATA\LOCAL\TEMP\EMSCRIPTEN_MO9W_H.RSP
C:\USERS\WINCHE~1\APPDATA\LOCAL\TEMP\EMSCRIPTEN_NTHHYD.RSP
C:\USERS\WINCHE~1\APPDATA\LOCAL\TEMP\EMSCRIPTEN_SNGC0G.RSP
C:\USERS\WINCHE~1\APPDATA\LOCAL\TEMP\EMSCRIPTEN_SXYJPN.RSP
C:\USERS\WINCHE~1\APPDATA\LOCAL\TEMP\EMSCRIPTEN_SZEYGL.RSP
C:\USERS\WINCHE~1\APPDATA\LOCAL\TEMP\EMSCRIPTEN_T40UDA.RSP
C:\USERS\WINCHE~1\APPDATA\LOCAL\TEMP\EMSCRIPTEN_VBIVDZ.RSP
C:\USERS\WINCHE~1\APPDATA\LOCAL\TEMP\TMP0TQDVZ\GEOMETRY.BC
C:\USERS\WINCHE~1\APPDATA\LOCAL\TEMP\TMP0TQDVZ\GEOMETRY.BC.LINK.LL
C:\USERS\WINCHE~1\APPDATA\LOCAL\TEMP\TMP0TQDVZ\GEOMETRY.BC.LINK.LL.O.JS
C:\USERS\WINCHE~1\APPDATA\LOCAL\TEMP\TMP7VA1TB\GEOMETRY.BC
C:\USERS\WINCHE~1\APPDATA\LOCAL\TEMP\TMP7VA1TB\GEOMETRY.BC.LINK.LL
C:\USERS\WINCHE~1\APPDATA\LOCAL\TEMP\TMP7VA1TB\GEOMETRY.BC.LINK.LL.O.JS
C:\USERS\WINCHE~1\APPDATA\LOCAL\TEMP\TMPDS3WAI\GEOMETRY.BC
C:\USERS\WINCHE~1\APPDATA\LOCAL\TEMP\TMPDS3WAI\GEOMETRY.BC.LINK.LL
C:\USERS\WINCHE~1\APPDATA\LOCAL\TEMP\TMPDS3WAI\GEOMETRY.BC.LINK.LL.O.JS
C:\USERS\WINCHE~1\APPDATA\LOCAL\TEMP\TMPDXD_HT\GEOMETRY.BC
C:\USERS\WINCHE~1\APPDATA\LOCAL\TEMP\TMPDXD_HT\GEOMETRY.BC.LINK.LL
C:\USERS\WINCHE~1\APPDATA\LOCAL\TEMP\TMPDXD_HT\GEOMETRY.BC.LINK.LL.O.JS
C:\USERS\WINCHE~1\APPDATA\LOCAL\TEMP\TMPEJCE7P\GEOMETRY.BC
C:\USERS\WINCHE~1\APPDATA\LOCAL\TEMP\TMPEJCE7P\GEOMETRY.BC.LINK.LL
C:\USERS\WINCHE~1\APPDATA\LOCAL\TEMP\TMPEJCE7P\GEOMETRY.BC.LINK.LL.O.JS
C:\USERS\WINCHE~1\APPDATA\LOCAL\TEMP\TMPFOSXSB\GEOMETRY.BC
C:\USERS\WINCHE~1\APPDATA\LOCAL\TEMP\TMPFOSXSB\GEOMETRY.BC.LINK.LL
C:\USERS\WINCHE~1\APPDATA\LOCAL\TEMP\TMPFOSXSB\GEOMETRY.BC.LINK.LL.O.JS
C:\USERS\WINCHE~1\APPDATA\LOCAL\TEMP\TMPHQBJ6O\GEOMETRY.BC
C:\USERS\WINCHE~1\APPDATA\LOCAL\TEMP\TMPHQBJ6O\GEOMETRY.BC.LINK.LL
C:\USERS\WINCHE~1\APPDATA\LOCAL\TEMP\TMPHQBJ6O\GEOMETRY.BC.LINK.LL.O.JS
C:\USERS\WINCHE~1\APPDATA\LOCAL\TEMP\TMPKQH046\GEOMETRY.BC
C:\USERS\WINCHE~1\APPDATA\LOCAL\TEMP\TMPKQH046\GEOMETRY.BC.LINK.LL
C:\USERS\WINCHE~1\APPDATA\LOCAL\TEMP\TMPKQH046\GEOMETRY.BC.LINK.LL.O.JS
C:\USERS\WINCHE~1\APPDATA\LOCAL\TEMP\TMPMAEOLH\GEOMETRY.BC
C:\USERS\WINCHE~1\APPDATA\LOCAL\TEMP\TMPMAEOLH\GEOMETRY.BC.LINK.LL
C:\USERS\WINCHE~1\APPDATA\LOCAL\TEMP\TMPMAEOLH\GEOMETRY.BC.LINK.LL.O.JS
C:\USERS\WINCHE~1\APPDATA\LOCAL\TEMP\TMPORIH5O\GEOMETRY.BC
C:\USERS\WINCHE~1\APPDATA\LOCAL\TEMP\TMPORIH5O\GEOMETRY.BC.LINK.LL
C:\USERS\WINCHE~1\APPDATA\LOCAL\TEMP\TMPORIH5O\GEOMETRY.BC.LINK.LL.O.JS
C:\USERS\WINCHE~1\APPDATA\LOCAL\TEMP\TMPPLEOZP\GEOMETRY.BC
C:\USERS\WINCHE~1\APPDATA\LOCAL\TEMP\TMPPLEOZP\GEOMETRY.BC.LINK.LL
C:\USERS\WINCHE~1\APPDATA\LOCAL\TEMP\TMPPLEOZP\GEOMETRY.BC.LINK.LL.O.JS
C:\USERS\WINCHE~1\APPDATA\LOCAL\TEMP\TMPRKKOHP\GEOMETRY.BC
C:\USERS\WINCHE~1\APPDATA\LOCAL\TEMP\TMPRKKOHP\GEOMETRY.BC.LINK.LL
C:\USERS\WINCHE~1\APPDATA\LOCAL\TEMP\TMPRKKOHP\GEOMETRY.BC.LINK.LL.O.JS
C:\USERS\WINCHE~1\APPDATA\LOCAL\TEMP\TMPRYCWYK\GEOMETRY.BC
C:\USERS\WINCHE~1\APPDATA\LOCAL\TEMP\TMPRYCWYK\GEOMETRY.BC.LINK.LL
C:\USERS\WINCHE~1\APPDATA\LOCAL\TEMP\TMPRYCWYK\GEOMETRY.BC.LINK.LL.O.JS
C:\USERS\WINCHE~1\APPDATA\LOCAL\TEMP\TMPTCELDK\GEOMETRY.BC
C:\USERS\WINCHE~1\APPDATA\LOCAL\TEMP\TMPTCELDK\GEOMETRY.BC.LINK.LL
C:\USERS\WINCHE~1\APPDATA\LOCAL\TEMP\TMPTCELDK\GEOMETRY.BC.LINK.LL.O.JS
C:\USERS\WINCHE~1\APPDATA\LOCAL\TEMP\TMPX1E6EI\GEOMETRY.BC
C:\USERS\WINCHE~1\APPDATA\LOCAL\TEMP\TMPX1E6EI\GEOMETRY.BC.LINK.LL
C:\USERS\WINCHE~1\APPDATA\LOCAL\TEMP\TMPX1E6EI\GEOMETRY.BC.LINK.LL.O.JS
C:\USERS\WINCHE~1\APPDATA\LOCAL\TEMP\TMPZBIVKT\GEOMETRY.BC
C:\USERS\WINCHE~1\APPDATA\LOCAL\TEMP\TMPZBIVKT\GEOMETRY.BC.LINK.LL
C:\USERS\WINCHE~1\APPDATA\LOCAL\TEMP\TMPZBIVKT\GEOMETRY.BC.LINK.LL.O.JS
D:\web\polymer\dev\gl-elements\lib\Emscripten\Debug\cmd.read.1.tlog
D:\web\polymer\dev\gl-elements\lib\Emscripten\Debug\cmd-python.10216.read.1.tlog
D:\web\polymer\dev\gl-elements\lib\Emscripten\Debug\cmd-python.10216.write.1.tlog
D:\web\polymer\dev\gl-elements\lib\Emscripten\Debug\cmd-python.10216-node.read.1.tlog
D:\web\polymer\dev\gl-elements\lib\Emscripten\Debug\cmd-python.10216-node.write.1.tlog
D:\web\polymer\dev\gl-elements\lib\Emscripten\Debug\cmd-python.14644.read.1.tlog
D:\web\polymer\dev\gl-elements\lib\Emscripten\Debug\cmd-python.14644.write.1.tlog
D:\web\polymer\dev\gl-elements\lib\Emscripten\Debug\cmd-python.14644-node.read.1.tlog
D:\web\polymer\dev\gl-elements\lib\Emscripten\Debug\cmd-python.14644-node.write.1.tlog
D:\web\polymer\dev\gl-elements\lib\Emscripten\Debug\cmd-python.14812.read.1.tlog
D:\web\polymer\dev\gl-elements\lib\Emscripten\Debug\cmd-python.14812.write.1.tlog
D:\web\polymer\dev\gl-elements\lib\Emscripten\Debug\cmd-python.14812-node.read.1.tlog
D:\web\polymer\dev\gl-elements\lib\Emscripten\Debug\cmd-python.14812-node.write.1.tlog
D:\web\polymer\dev\gl-elements\lib\Emscripten\Debug\cmd-python.15244.read.1.tlog
D:\web\polymer\dev\gl-elements\lib\Emscripten\Debug\cmd-python.15244.write.1.tlog
D:\web\polymer\dev\gl-elements\lib\Emscripten\Debug\cmd-python.15244-node.read.1.tlog
D:\web\polymer\dev\gl-elements\lib\Emscripten\Debug\cmd-python.15244-node.write.1.tlog
D:\web\polymer\dev\gl-elements\lib\Emscripten\Debug\cmd-python.18512.read.1.tlog
D:\web\polymer\dev\gl-elements\lib\Emscripten\Debug\cmd-python.18512.write.1.tlog
D:\web\polymer\dev\gl-elements\lib\Emscripten\Debug\cmd-python.18512-node.read.1.tlog
D:\web\polymer\dev\gl-elements\lib\Emscripten\Debug\cmd-python.18512-node.write.1.tlog
D:\web\polymer\dev\gl-elements\lib\Emscripten\Debug\cmd-python.2636.read.1.tlog
D:\web\polymer\dev\gl-elements\lib\Emscripten\Debug\cmd-python.2636.write.1.tlog
D:\web\polymer\dev\gl-elements\lib\Emscripten\Debug\cmd-python.2636-node.read.1.tlog
D:\web\polymer\dev\gl-elements\lib\Emscripten\Debug\cmd-python.2636-node.write.1.tlog
D:\web\polymer\dev\gl-elements\lib\Emscripten\Debug\cmd-python.4604.read.1.tlog
D:\web\polymer\dev\gl-elements\lib\Emscripten\Debug\cmd-python.4604.write.1.tlog
D:\web\polymer\dev\gl-elements\lib\Emscripten\Debug\cmd-python.4604-node.read.1.tlog
D:\web\polymer\dev\gl-elements\lib\Emscripten\Debug\cmd-python.4604-node.write.1.tlog
D:\web\polymer\dev\gl-elements\lib\Emscripten\Debug\cmd-python.4724.read.1.tlog
D:\web\polymer\dev\gl-elements\lib\Emscripten\Debug\cmd-python.4724.write.1.tlog
D:\web\polymer\dev\gl-elements\lib\Emscripten\Debug\cmd-python.4724-node.read.1.tlog
D:\web\polymer\dev\gl-elements\lib\Emscripten\Debug\cmd-python.4724-node.write.1.tlog
D:\web\polymer\dev\gl-elements\lib\Emscripten\Debug\cmd-python.5632.read.1.tlog
D:\web\polymer\dev\gl-elements\lib\Emscripten\Debug\cmd-python.5632.write.1.tlog
D:\web\polymer\dev\gl-elements\lib\Emscripten\Debug\cmd-python.5632-node.read.1.tlog
D:\web\polymer\dev\gl-elements\lib\Emscripten\Debug\cmd-python.5632-node.write.1.tlog
D:\web\polymer\dev\gl-elements\lib\Emscripten\Debug\cmd-python.7028.read.1.tlog
D:\web\polymer\dev\gl-elements\lib\Emscripten\Debug\cmd-python.7028.write.1.tlog
D:\web\polymer\dev\gl-elements\lib\Emscripten\Debug\cmd-python.7028-node.read.1.tlog
D:\web\polymer\dev\gl-elements\lib\Emscripten\Debug\cmd-python.7028-node.write.1.tlog
D:\web\polymer\dev\gl-elements\lib\Emscripten\Debug\cmd-python.7240.read.1.tlog
D:\web\polymer\dev\gl-elements\lib\Emscripten\Debug\cmd-python.7240.write.1.tlog
D:\web\polymer\dev\gl-elements\lib\Emscripten\Debug\cmd-python.7240-node.read.1.tlog
D:\web\polymer\dev\gl-elements\lib\Emscripten\Debug\cmd-python.7240-node.write.1.tlog
D:\web\polymer\dev\gl-elements\lib\Emscripten\Debug\cmd-python.7528.read.1.tlog
D:\web\polymer\dev\gl-elements\lib\Emscripten\Debug\cmd-python.7528.write.1.tlog
D:\web\polymer\dev\gl-elements\lib\Emscripten\Debug\cmd-python.7528-node.read.1.tlog
D:\web\polymer\dev\gl-elements\lib\Emscripten\Debug\cmd-python.7528-node.write.1.tlog
D:\web\polymer\dev\gl-elements\lib\Emscripten\Debug\cmd-python.7856.read.1.tlog
D:\web\polymer\dev\gl-elements\lib\Emscripten\Debug\cmd-python.7856.write.1.tlog
D:\web\polymer\dev\gl-elements\lib\Emscripten\Debug\cmd-python.7856-node.read.1.tlog
D:\web\polymer\dev\gl-elements\lib\Emscripten\Debug\cmd-python.7856-node.write.1.tlog
D:\web\polymer\dev\gl-elements\lib\Emscripten\Debug\cmd-python.8348.read.1.tlog
D:\web\polymer\dev\gl-elements\lib\Emscripten\Debug\cmd-python.8348.write.1.tlog
D:\web\polymer\dev\gl-elements\lib\Emscripten\Debug\cmd-python.8348-node.read.1.tlog
D:\web\polymer\dev\gl-elements\lib\Emscripten\Debug\cmd-python.8348-node.write.1.tlog
D:\web\polymer\dev\gl-elements\lib\Emscripten\Debug\cmd-python.9336.read.1.tlog
D:\web\polymer\dev\gl-elements\lib\Emscripten\Debug\cmd-python.9336.write.1.tlog
D:\web\polymer\dev\gl-elements\lib\Emscripten\Debug\cmd-python.9336-node.read.1.tlog
D:\web\polymer\dev\gl-elements\lib\Emscripten\Debug\cmd-python.9336-node.write.1.tlog
D:\web\polymer\dev\gl-elements\lib\Emscripten\Debug\cmd-python.9676.read.1.tlog
D:\web\polymer\dev\gl-elements\lib\Emscripten\Debug\cmd-python.9676.write.1.tlog
D:\web\polymer\dev\gl-elements\lib\Emscripten\Debug\cmd-python.9676-node.read.1.tlog
D:\web\polymer\dev\gl-elements\lib\Emscripten\Debug\cmd-python.9676-node.write.1.tlog
D:\web\polymer\dev\gl-elements\lib\Emscripten\Debug\cmd-python.read.1.tlog
D:\web\polymer\dev\gl-elements\lib\Emscripten\Debug\cmd-python.write.1.tlog
D:\web\polymer\dev\gl-elements\lib\Emscripten\Debug\cmd-python-clang++.10932.read.1.tlog
D:\web\polymer\dev\gl-elements\lib\Emscripten\Debug\cmd-python-clang++.10932.write.1.tlog
D:\web\polymer\dev\gl-elements\lib\Emscripten\Debug\cmd-python-clang++.13760.read.1.tlog
D:\web\polymer\dev\gl-elements\lib\Emscripten\Debug\cmd-python-clang++.13760.write.1.tlog
D:\web\polymer\dev\gl-elements\lib\Emscripten\Debug\cmd-python-clang++.14388.read.1.tlog
D:\web\polymer\dev\gl-elements\lib\Emscripten\Debug\cmd-python-clang++.14388.write.1.tlog
D:\web\polymer\dev\gl-elements\lib\Emscripten\Debug\cmd-python-clang++.16036.read.1.tlog
D:\web\polymer\dev\gl-elements\lib\Emscripten\Debug\cmd-python-clang++.16036.write.1.tlog
D:\web\polymer\dev\gl-elements\lib\Emscripten\Debug\cmd-python-clang++.16048.read.1.tlog
D:\web\polymer\dev\gl-elements\lib\Emscripten\Debug\cmd-python-clang++.16048.write.1.tlog
D:\web\polymer\dev\gl-elements\lib\Emscripten\Debug\cmd-python-clang++.21020.read.1.tlog
D:\web\polymer\dev\gl-elements\lib\Emscripten\Debug\cmd-python-clang++.21020.write.1.tlog
D:\web\polymer\dev\gl-elements\lib\Emscripten\Debug\cmd-python-clang++.21100.read.1.tlog
D:\web\polymer\dev\gl-elements\lib\Emscripten\Debug\cmd-python-clang++.21100.write.1.tlog
D:\web\polymer\dev\gl-elements\lib\Emscripten\Debug\cmd-python-clang++.21392.read.1.tlog
D:\web\polymer\dev\gl-elements\lib\Emscripten\Debug\cmd-python-clang++.21392.write.1.tlog
D:\web\polymer\dev\gl-elements\lib\Emscripten\Debug\cmd-python-clang++.404.read.1.tlog
D:\web\polymer\dev\gl-elements\lib\Emscripten\Debug\cmd-python-clang++.404.write.1.tlog
D:\web\polymer\dev\gl-elements\lib\Emscripten\Debug\cmd-python-clang++.5184.read.1.tlog
D:\web\polymer\dev\gl-elements\lib\Emscripten\Debug\cmd-python-clang++.5184.write.1.tlog
D:\web\polymer\dev\gl-elements\lib\Emscripten\Debug\cmd-python-clang++.6140.read.1.tlog
D:\web\polymer\dev\gl-elements\lib\Emscripten\Debug\cmd-python-clang++.6140.write.1.tlog
D:\web\polymer\dev\gl-elements\lib\Emscripten\Debug\cmd-python-clang++.8144.read.1.tlog
D:\web\polymer\dev\gl-elements\lib\Emscripten\Debug\cmd-python-clang++.8144.write.1.tlog
D:\web\polymer\dev\gl-elements\lib\Emscripten\Debug\cmd-python-clang++.8736.read.1.tlog
D:\web\polymer\dev\gl-elements\lib\Emscripten\Debug\cmd-python-clang++.8736.write.1.tlog
D:\web\polymer\dev\gl-elements\lib\Emscripten\Debug\cmd-python-clang++.9164.read.1.tlog
D:\web\polymer\dev\gl-elements\lib\Emscripten\Debug\cmd-python-clang++.9164.write.1.tlog
D:\web\polymer\dev\gl-elements\lib\Emscripten\Debug\cmd-python-clang++.9468.read.1.tlog
D:\web\polymer\dev\gl-elements\lib\Emscripten\Debug\cmd-python-clang++.9468.write.1.tlog
D:\web\polymer\dev\gl-elements\lib\Emscripten\Debug\cmd-python-clang++.9932.read.1.tlog
D:\web\polymer\dev\gl-elements\lib\Emscripten\Debug\cmd-python-clang++.9932.write.1.tlog
D:\web\polymer\dev\gl-elements\lib\Emscripten\Debug\cmd-python-clang++.read.1.tlog
D:\web\polymer\dev\gl-elements\lib\Emscripten\Debug\cmd-python-llvm-link.read.1.tlog
D:\web\polymer\dev\gl-elements\lib\Emscripten\Debug\cmd-python-llvm-link.write.1.tlog
D:\web\polymer\dev\gl-elements\lib\Emscripten\Debug\cmd-python-llvm-nm.read.1.tlog
D:\web\polymer\dev\gl-elements\lib\Emscripten\Debug\cmd-python-node.read.1.tlog
D:\web\polymer\dev\gl-elements\lib\Emscripten\Debug\cmd-python-node.write.1.tlog
D:\web\polymer\dev\gl-elements\lib\Emscripten\Debug\cmd-python-opt.read.1.tlog
D:\web\polymer\dev\gl-elements\lib\Emscripten\Debug\cmd-python-opt.write.1.tlog
D:\web\polymer\dev\gl-elements\lib\Emscripten\Debug\emcc.compile.command.1.tlog
D:\web\polymer\dev\gl-elements\lib\Emscripten\Debug\emcc.compile.read.1.tlog
D:\web\polymer\dev\gl-elements\lib\Emscripten\Debug\emcc.compile.write.1.tlog
D:\web\polymer\dev\gl-elements\lib\Emscripten\Debug\emcc-link.command.1.tlog
D:\WEB\POLYMER\DEV\GL-ELEMENTS\LIB\EMSCRIPTEN\DEBUG\GEOMETRY.HTML
D:\WEB\POLYMER\DEV\GL-ELEMENTS\LIB\EMSCRIPTEN\DEBUG\GEOMETRY.JS
D:\WEB\POLYMER\DEV\GL-ELEMENTS\LIB\EMSCRIPTEN\DEBUG\GEOMETRY.O
